<?xml version="1.0" encoding="UTF-8"?>
<!-- Generated by org.testng.reporters.JUnitXMLReporter -->
<testsuite ignored="0" hostname="DESKTOP-JPRO54Q" failures="0" tests="4" name="Default test" time="4.877" errors="0" timestamp="2024-12-24T10:08:41 COT">
  <testcase classname="WeatherApiTest" name="testErrorHandlingForInvalidCityName" time="3.044"/>
  <testcase classname="WeatherApiTest" name="testErrorHandlingForInvalidCoordinates" time="0.223"/>
  <testcase classname="WeatherApiTest" name="testGetWeatherByCityName" time="0.347"/>
  <testcase classname="WeatherApiTest" name="testGetWeatherByCoordinates" time="0.341"/>
</testsuite> <!-- Default test -->
